Microsoft (R) Macro Assembler Version 6.11		    06/17/05 15:51:28
utils.asm						     Page 1 - 1


				;*****************************************************************************
				;  Utils - Disk Info utility routines
				;   
				; 
				;  Copyright, 2005 Greg Honsa
				;*****************************************************************************
				include pte.inc
			      C ;***********************************************************
			      C ;  Copyright 2005 Greg Honsa
			      C ;
			      C ;***********************************************************
			      C 
 = 0001			      C BOOTABLE equ 1			; set to make a bootable image
			      C OPSIZ macro
			      C 	db 66h
			      C endm
			      C 
			      C ;
			      C ;** fat type byte defs
			      C ;
 = 0001			      C FAT12 	equ 01h 	;FAT12 primary parttion (fewer than 32,680 sectors in the volume) 
 = 0002			      C XENIXR	equ 02h		;Xenix root
 = 0003			      C XENIXU  equ 03h		;Xenix usr
 = 0004			      C FAT16 	equ 04h 	;FAT16 partition or logical drive ( 16 MB) 
 = 0005			      C EXTEND  equ 05h 	;Extended partition 
 = 0006			      C BGFAT16	equ 06h		;BIGDOS FAT16 partition or logical drive (33 mb)  
 = 0007			      C NTFS	equ 07h		;Installable File System (NTFS partition or logical drive) 
 = 0008			      C AIXBOOT equ 08h		;AIX boot partition
 = 0009			      C AIXDATA equ 09h		;AIX data
 = 000A			      C OS2BOOT equ	0Ah		;OS/2 boot partition
 = 000B			      C FAT32	equ 0Bh		;FAT32 partition or logical drive 
 = 000C			      C BFAT32	equ 0Ch		;FAT32 partition or logical drive using BIOS INT 13h extensions 
 = 000E			      C BFAT16	equ 0Eh 	;BIGDOS FAT16 partition or logical drive using BIOS INT 13h extensions 
 = 000F			      C BEXTEND equ 0Fh		; Extended partition using BIOS INT 13h extensions 
 = 0012			      C EISA	equ 12h 	;EISA partition or OEM partition 
 = 0042			      C DYNVOL	equ 42h 	;Dynamic volume 
 = 0082			      C LINUXSW equ 82h		;Linux swap partition
 = 0083			      C LINUXRT equ 83h		;Linux native partition
 = 0084			      C POWMAN  equ 84h 	;Power management hibernation partition 
 = 0086			      C MDFAT16	equ 86h 	;Multidisk FAT16 volume created by using Windows NT 4.0 
 = 0087			      C MDNTFS  equ 87h 	;Multidisk NTFS volume created by using Windows NT 4.0 
 = 00A0			      C HIB		equ 0A0h 	;Laptop hibernation partition 
 = 00DE			      C DELL	equ 0DEh 	;Dell OEM partition 
 = 00FE			      C IBM		equ 0FEh 	;IBM OEM partition 
 = 00EE			      C GPT		equ 0EEh 	;GPT partition  
 = 00EF			      C EFI		equ 0EFh 	;EFI System partition on an MBR disk 
			      C 
 = 0080			      C PTE_BOOTABLE EQU 80h
 = 00AA			      C PTE_EXTENDED EQU 0AAh
			      C CYLSEC record Cylinder:10,Sector:6
			      C 
 0010			      C PARTITION_TABLE_ENTRY struc
 0000  00		      C 	bte_bootable		db	?
 0001  00		      C 	bte_starthead		db	?
 0002  0000		      C 	bte_startsector		dw	?	     
 0004  00		      C 	bte_system			db	?
 0005  00		      C 	bte_endhead			db	?
 0006  0000		      C 	bte_endsector		dw	?
 0008  00000000		      C 	bte_relativesector	dd	?
 000C  00000000		      C 	bte_totalsector		dd	?
			      C PARTITION_TABLE_ENTRY ends
			      C 
 001A			      C EXT_PARTITION struc
 0000  00 00 0000 00 00	      C   	EPpte		PARTITION_TABLE_ENTRY <>
       0000 00000000
       00000000
 0010  00000000		      C 	EPStartLBA			dd ?
 0014  00000000		      C 	EPEndLBA			dd ?
 0018  00		      C 	EPbootable			db ?
 0019  00		      C 	EPDrive				db ?
			      C EXT_PARTITION ends
			      C 
 0083			      C PARTITION_INFO struc
 0000  00 00 0000 00 00	      C   	PIpte		PARTITION_TABLE_ENTRY <>
       0000 00000000
       00000000
 0010  00000000		      C 	PIStartLBA			dd ?
 0014  00000000		      C 	PIEndLBA			dd ?
 0018  00		      C 	PIbootable			db ?
 0019  00		      C 	PIDrive				db ?
 001A  00		      C 	PIExtended			db ?
 001B  0004 [		      C    	PIEParts			EXT_PARTITION 4 DUP(<>)
        00 00 0000 00 00
        0000 00000000
        00000000 00000000
        00000000 00 00
       ]
			      C PARTITION_INFO	ends
			      C ;
			      C ;--- drive info
			      C ;
 = 0055			      C DIEXTENDED		equ	055h
 0223			      C DriveInfo	STRUC
 0000  00		      C 	DIid			db	?
 0001  00		      C 	DIHeads			db	?		
 0002  00		      C 	DIExtend		db	?
 0003  00		      C 	DISectors		db	?
 0004  00		      C 					db	?
 0005  0000		      C 	DICylinders		dw  ?
 0007  00000000		      C 	DIFreeSect		dd	?
 000B  00000000		      C 	DITotSect		dd	?
 000F  00000000		      C    	DIExtSize1		dd  ?
 0013  00000000		      C    	DIExtSize		dd  ?
 0017  0004 [		      C    	DIPartTab1		PARTITION_INFO 4 DUP (<>)
        00 00 0000 00 00
        0000 00000000
        00000000 00000000
        00000000 00 00 00
        0004 [
	 00 00 0000 00 00
	 0000 00000000
	 00000000
	 00000000
	 00000000 00 00
	]
			      C 
			      C DriveInfo	ENDS
			      C ;
			      C ; --- BIOS disk parameter table ---
			      C ;
 0010			      C BiosDrvTab	STRUC
 0000  0000		      C 	BDTCylinders	dw	?
 0002  00		      C 	BDTHeads		db	?
 0003  0000		      C 					dw	?
 0005  0000		      C 	BDTPrecomp		dw	?
 0007  00		      C 	BDTECC			db	?
 0008  00		      C 	BDTCtrl			db	?
 0009  00		      C 					db	?
 000A  0000		      C 					dw	?
 000C  0000		      C 	BDTLanding		dw	?
 000E  00		      C 	BDTSectors		db	?
 000F  00		      C 					db	?		
			      C BiosDrvTab ENDS
			      C ;
			      C ; --- BIOS extended disk parameter table
			      C ;
 001E			      C ExtBiosDrvTab STRUC
 0000  0000		      C 	EBDTBuffSz		dw	?
 0002  0000		      C 	EBDTInfo		dw	?
 0004  00000000		      C 	EBDTCylinders	dd	?
 0008  00000000		      C 	EBDTHeads		dd	?
 000C  00000000		      C 	EBDTSectors		dd	?
 0010  00000000		      C 	EBDTTotSect 	dd	?
 0014  00000000		      C 	EBDTTotSect1	dd	?
 0018  0000		      C 	EBDTSectTrk		dw	?
 001A  00000000		      C 	EBDTEDD			dd	?				   	
			      C ExtBiosDrvTab ENDS
			      C ;
			      C ;  --- entended disk address packet
			      C ;
 0018			      C ExtBiosDiskAddrPkt STRUC
 0000  00		      C 	EBDAPSz			db	?
 0001  00		      C 	EBDAPres1		db	?
 0002  00		      C 	EBDAPBlocks		db	?
 0003  00		      C 	EBDAPres2		db	?
 0004  0000		      C 	EBDAPLowPtr		dw	?
 0006  0000		      C 	EBDAPHighPtr	dw	?
 0008  00000000		      C 	EBDAPLBAlow		dd	?
 000C  00000000		      C 	EBDAPLBAhigh	dd	?
 0010  00000000		      C 	EBDAPFlatAdr1	dd	?
 0014  00000000		      C 	EBDAPFlatAdr2	dd	?
			      C ExtBiosDiskAddrPkt ENDS
			      C 	
			      C ;
			      C ; --- vesa info
			      C ;
 0200			      C VgaInfoBlock    STRUC
 0000   0001 [		      C       VESASignature   db   'VESA'      ; 4 signature bytes 
	 56 45 53 41
	]
 0004  0000		      C       VESAVersion     dw   ?           ; VESA version number
 0006  00000000		      C       OEMStringPtr    dd   ?           ; Pointer to OEM string
 000A   0004 [		      C       Capabilities    db   4 dup(?)    ; capabilities of the video environment
	 00
	]
 000E  00000000		      C       VideoModePtr    dd   ?           ; pointer to supported Super VGA modes
 0012  0000		      C       TotalMemory     dw   ?           ; Number of 64kb memory blocks on board
 0014   00EC [		      C       Reserved        db   236 dup(?)  ; Remainder of VgaInfoBlock
	 00
	]
 0100   0100 [		      C 	  OemData		  db   256 dup(?)  ;
	 00
	]
			      C VgaInfoBlock    ENDS
			      C 

 0000				 _Text SEGMENT PUBLIC USE16
				  assume CS:_Text, DS:_Text

				   
				public LBA2CHS
				;*****************************************************************************
				;* LBA2CHS LBA to Cylinder Head Sector translation
				;*
				;*     cylinder = LBA / (heads_per_cylinder * sectors_per_track)
				;*        temp = LBA % (heads_per_cylinder * sectors_per_track)
				;*        head = temp / sectors_per_track
				;*      sector = temp % sectors_per_track + 1
				;*
				;*      inputs:	EDX:EAX = LBA  
				;*				BX -> DriveInfo
				;*
				;*	    outputs: CX = cylinder
				;*               DH	= Head
				;*         		 DL = Sector
				;*					
				;*****************************************************************************
 0000				LBA2CHS:
						assume bx:ptr DriveInfo 

					.386
						
 0000  66| 51					push	ecx
 0002  66| 50					push	eax

 0004  66| 33 C9				xor		ecx,ecx
 0007  33 C0					xor		ax,ax
 0009  8A 47 01					mov		al,[bx].DIHeads
 000C  40					inc		ax					; DIHeads is max head number from 0
 000D  8A 4F 03					mov		cl,[bx].DISectors
 0010  F6 E1					mul		cl
 0012  8B C8					mov		cx,ax
					
 0014  66| 58					pop		eax
 0016  66| 50					push	eax
 0018  66| F7 F1				div		ecx
						; right now eax = cylinder, edx = temp from above
 001B  A3 0065 R				mov		lbc,ax
 001E  66| 33 C0				xor		eax,eax
 0021  8A 47 01					mov		al,[bx].DIHeads; of less then number of sectors, head =0
 0024  66| 3B D0				cmp		edx,eax
 0027  7F 0B					jg		calcHead
 0029  B0 00					mov		al,0
 002B  A2 0067 R				mov		lbh,al
 002E  88 16 0068 R				mov		lbs,dl
 0032  EB 17					jmp		l2cok
 0034				calcHead:
 0034  66| 8B C2				mov		eax,edx
 0037  66| 33 D2				xor 	edx,edx
 003A  66| 33 C9				xor		ecx,ecx
 003D  8A 4F 03					mov		cl,[bx].DISectors
 0040  66| F7 F1				div		ecx
 0043  A2 0067 R				mov		lbh,al
 0046  42					inc 	dx
 0047  88 16 0068 R				mov		lbs,dl
 004B				l2cok:
 004B  66| 58					pop		eax
 004D  66| 59					pop		ecx
 004F  8B 0E 0065 R				mov		cx,lbc
 0053  81 F9 03FE				cmp		cx,3feh
 0057  7E 03					jng		l2cout
 0059  B9 03FE					mov		cx,3feh
 005C				l2cout:
 005C  8A 36 0067 R				mov		dh,lbh
 0060  8A 16 0068 R				mov		dl,lbs
 0064  C3					ret		

 0065 0000			lbc	dw	0
 0067 00			lbh	db	0
 0068 00			lbs	db	0

 0069 00000000			lbah	dd	0
 006D 00000000			lbal	dd	0

				public CHS2LBA 
				;*****************************************************************************
				;* CHS2LBA
				;* LBA = ( (cylinder * heads_per_cylinder + heads ) * sectors_per_track ) + sector - 1
				;*
				;*       inputs: BX -> DriveInfo
				;*               CX = cylinder
				;*               DH	= Head
				;*         		 DL = Sector
				;*
				;*        outputs: EAX:EDX = LBA
				;*****************************************************************************

 0071				CHS2LBA:
				.386
						assume bx:ptr DriveInfo
 0071  89 0E 0065 R				mov		lbc,cx
 0075  88 36 0067 R				mov		lbh,dh
 0079  88 16 0068 R				mov		lbs,dl
 007D  66| 33 C0				xor		eax,eax
 0080  66| 8B D0				mov		edx,eax
 0083  8A 47 01					mov		al,[bx].DIHeads
 0086  F7 E1					mul		cx
 0088  66| 33 C9				xor 	ecx,ecx
 008B  8A 0E 0067 R				mov		cl,lbh
 008F  66| 03 C1				add		eax,ecx
 0092  73 02					jnc		chs1
 0094  66| 42					inc		edx
 0096				chs1:
 0096  8A 4F 03					mov		cl,[bx].DISectors
 0099  66| F7 E1				mul		ecx
 009C  66| 33 C9				xor		ecx,ecx
 009F  8A 0E 0067 R				mov		cl,lbh
 00A3  FE C9					dec		cl
 00A5  66| 03 C1				add		eax,ecx
 00A8  73 02					jnc		chs2
 00AA  66| 42					inc		edx
 00AC				chs2:
				.286
 00AC  C3					ret

				 
						
 00AD				_Text ENDS
					END	
Microsoft (R) Macro Assembler Version 6.11		    06/17/05 15:51:28
utils.asm						     Symbols 2 - 1




Macros:

                N a m e                 Type

OPSIZ  . . . . . . . . . . . . .	Proc


Structures and Unions:

                N a m e                  Size
                                         Offset      Type

BiosDrvTab . . . . . . . . . . .	 0010
  BDTCylinders . . . . . . . . .	 0000	     Word
  BDTHeads . . . . . . . . . . .	 0002	     Byte
  BDTPrecomp . . . . . . . . . .	 0005	     Word
  BDTECC . . . . . . . . . . . .	 0007	     Byte
  BDTCtrl  . . . . . . . . . . .	 0008	     Byte
  BDTLanding . . . . . . . . . .	 000C	     Word
  BDTSectors . . . . . . . . . .	 000E	     Byte
DriveInfo  . . . . . . . . . . .	 0223
  DIid . . . . . . . . . . . . .	 0000	     Byte
  DIHeads  . . . . . . . . . . .	 0001	     Byte
  DIExtend . . . . . . . . . . .	 0002	     Byte
  DISectors  . . . . . . . . . .	 0003	     Byte
  DICylinders  . . . . . . . . .	 0005	     Word
  DIFreeSect . . . . . . . . . .	 0007	     DWord
  DITotSect  . . . . . . . . . .	 000B	     DWord
  DIExtSize1 . . . . . . . . . .	 000F	     DWord
  DIExtSize  . . . . . . . . . .	 0013	     DWord
  DIPartTab1 . . . . . . . . . .	 0017	      0083
EXT_PARTITION  . . . . . . . . .	 001A
  EPpte  . . . . . . . . . . . .	 0000	      0010
  EPStartLBA . . . . . . . . . .	 0010	     DWord
  EPEndLBA . . . . . . . . . . .	 0014	     DWord
  EPbootable . . . . . . . . . .	 0018	     Byte
  EPDrive  . . . . . . . . . . .	 0019	     Byte
ExtBiosDiskAddrPkt . . . . . . .	 0018
  EBDAPSz  . . . . . . . . . . .	 0000	     Byte
  EBDAPres1  . . . . . . . . . .	 0001	     Byte
  EBDAPBlocks  . . . . . . . . .	 0002	     Byte
  EBDAPres2  . . . . . . . . . .	 0003	     Byte
  EBDAPLowPtr  . . . . . . . . .	 0004	     Word
  EBDAPHighPtr . . . . . . . . .	 0006	     Word
  EBDAPLBAlow  . . . . . . . . .	 0008	     DWord
  EBDAPLBAhigh . . . . . . . . .	 000C	     DWord
  EBDAPFlatAdr1  . . . . . . . .	 0010	     DWord
  EBDAPFlatAdr2  . . . . . . . .	 0014	     DWord
ExtBiosDrvTab  . . . . . . . . .	 001E
  EBDTBuffSz . . . . . . . . . .	 0000	     Word
  EBDTInfo . . . . . . . . . . .	 0002	     Word
  EBDTCylinders  . . . . . . . .	 0004	     DWord
  EBDTHeads  . . . . . . . . . .	 0008	     DWord
  EBDTSectors  . . . . . . . . .	 000C	     DWord
  EBDTTotSect  . . . . . . . . .	 0010	     DWord
  EBDTTotSect1 . . . . . . . . .	 0014	     DWord
  EBDTSectTrk  . . . . . . . . .	 0018	     Word
  EBDTEDD  . . . . . . . . . . .	 001A	     DWord
PARTITION_INFO . . . . . . . . .	 0083
  PIpte  . . . . . . . . . . . .	 0000	      0010
  PIStartLBA . . . . . . . . . .	 0010	     DWord
  PIEndLBA . . . . . . . . . . .	 0014	     DWord
  PIbootable . . . . . . . . . .	 0018	     Byte
  PIDrive  . . . . . . . . . . .	 0019	     Byte
  PIExtended . . . . . . . . . .	 001A	     Byte
  PIEParts . . . . . . . . . . .	 001B	      001A
PARTITION_TABLE_ENTRY  . . . . .	 0010
  bte_bootable . . . . . . . . .	 0000	     Byte
  bte_starthead  . . . . . . . .	 0001	     Byte
  bte_startsector  . . . . . . .	 0002	     Word
  bte_system . . . . . . . . . .	 0004	     Byte
  bte_endhead  . . . . . . . . .	 0005	     Byte
  bte_endsector  . . . . . . . .	 0006	     Word
  bte_relativesector . . . . . .	 0008	     DWord
  bte_totalsector  . . . . . . .	 000C	     DWord
VgaInfoBlock . . . . . . . . . .	 0200
  VESASignature  . . . . . . . .	 0000	     Byte
  VESAVersion  . . . . . . . . .	 0004	     Word
  OEMStringPtr . . . . . . . . .	 0006	     DWord
  Capabilities . . . . . . . . .	 000A	     Byte
  VideoModePtr . . . . . . . . .	 000E	     DWord
  TotalMemory  . . . . . . . . .	 0012	     Word
  Reserved . . . . . . . . . . .	 0014	     Byte
  OemData  . . . . . . . . . . .	 0100	     Byte


Records:

                N a m e                  Width     # fields
                                         Shift     Width     Mask      Initial

CYLSEC . . . . . . . . . . . . .	 0010	   0002
  Cylinder . . . . . . . . . . .	 0006	   000A	     FFC0     ?
  Sector . . . . . . . . . . . .	 0000	   0006	     003F     ?


Segments and Groups:

                N a m e                 Size     Length   Align   Combine Class

_Text  . . . . . . . . . . . . .	16 Bit	 00AD	  Para	  Public  


Symbols:

                N a m e                 Type     Value    Attr

AIXBOOT  . . . . . . . . . . . .	Number	 0008h	 
AIXDATA  . . . . . . . . . . . .	Number	 0009h	 
BEXTEND  . . . . . . . . . . . .	Number	 000Fh	 
BFAT16 . . . . . . . . . . . . .	Number	 000Eh	 
BFAT32 . . . . . . . . . . . . .	Number	 000Ch	 
BGFAT16  . . . . . . . . . . . .	Number	 0006h	 
BOOTABLE . . . . . . . . . . . .	Number	 0001h	 
CHS2LBA  . . . . . . . . . . . .	L Near	 0071	  _Text	Public
DELL . . . . . . . . . . . . . .	Number	 00DEh	 
DIEXTENDED . . . . . . . . . . .	Number	 0055h	 
DYNVOL . . . . . . . . . . . . .	Number	 0042h	 
EFI  . . . . . . . . . . . . . .	Number	 00EFh	 
EISA . . . . . . . . . . . . . .	Number	 0012h	 
EXTEND . . . . . . . . . . . . .	Number	 0005h	 
FAT12  . . . . . . . . . . . . .	Number	 0001h	 
FAT16  . . . . . . . . . . . . .	Number	 0004h	 
FAT32  . . . . . . . . . . . . .	Number	 000Bh	 
GPT  . . . . . . . . . . . . . .	Number	 00EEh	 
HIB  . . . . . . . . . . . . . .	Number	 00A0h	 
IBM  . . . . . . . . . . . . . .	Number	 00FEh	 
LBA2CHS  . . . . . . . . . . . .	L Near	 0000	  _Text	Public
LINUXRT  . . . . . . . . . . . .	Number	 0083h	 
LINUXSW  . . . . . . . . . . . .	Number	 0082h	 
MDFAT16  . . . . . . . . . . . .	Number	 0086h	 
MDNTFS . . . . . . . . . . . . .	Number	 0087h	 
NTFS . . . . . . . . . . . . . .	Number	 0007h	 
OS2BOOT  . . . . . . . . . . . .	Number	 000Ah	 
POWMAN . . . . . . . . . . . . .	Number	 0084h	 
PTE_BOOTABLE . . . . . . . . . .	Number	 0080h	 
PTE_EXTENDED . . . . . . . . . .	Number	 00AAh	 
XENIXR . . . . . . . . . . . . .	Number	 0002h	 
XENIXU . . . . . . . . . . . . .	Number	 0003h	 
calcHead . . . . . . . . . . . .	L Near	 0034	  _Text	
chs1 . . . . . . . . . . . . . .	L Near	 0096	  _Text	
chs2 . . . . . . . . . . . . . .	L Near	 00AC	  _Text	
l2cok  . . . . . . . . . . . . .	L Near	 004B	  _Text	
l2cout . . . . . . . . . . . . .	L Near	 005C	  _Text	
lbah . . . . . . . . . . . . . .	DWord	 0069	  _Text	
lbal . . . . . . . . . . . . . .	DWord	 006D	  _Text	
lbc  . . . . . . . . . . . . . .	Word	 0065	  _Text	
lbh  . . . . . . . . . . . . . .	Byte	 0067	  _Text	
lbs  . . . . . . . . . . . . . .	Byte	 0068	  _Text	

	   0 Warnings
	   0 Errors
